Start testing: Sep 11 20:34 CEST
----------------------------------------------------------
1/1 Testing: BinaryOperators
1/1 Test: BinaryOperators
Command: "/home/chris/Documents/cpp/CTDerivatives/build/tests/binaryop"
Directory: /home/chris/Documents/cpp/CTDerivatives/build/tests
"BinaryOperators" start time: Sep 11 20:34 CEST
Output:
----------------------------------------------------------
[==========] Running 8 tests from 2 test suites.
[----------] Global test environment set-up.
[----------] 4 tests from Functions
[ RUN      ] Functions.Add
[       OK ] Functions.Add (0 ms)
[ RUN      ] Functions.Sub
[       OK ] Functions.Sub (0 ms)
[ RUN      ] Functions.Mul
[       OK ] Functions.Mul (0 ms)
[ RUN      ] Functions.Div
[       OK ] Functions.Div (0 ms)
[----------] 4 tests from Functions (0 ms total)

[----------] 4 tests from Derivatives
[ RUN      ] Derivatives.Add
[       OK ] Derivatives.Add (0 ms)
[ RUN      ] Derivatives.Sub
[       OK ] Derivatives.Sub (0 ms)
[ RUN      ] Derivatives.Mul
[       OK ] Derivatives.Mul (0 ms)
[ RUN      ] Derivatives.Div
[       OK ] Derivatives.Div (0 ms)
[----------] 4 tests from Derivatives (0 ms total)

[----------] Global test environment tear-down
[==========] 8 tests from 2 test suites ran. (0 ms total)
[  PASSED  ] 8 tests.
<end of output>
Test time =   0.00 sec
----------------------------------------------------------
Test Passed.
"BinaryOperators" end time: Sep 11 20:34 CEST
"BinaryOperators" time elapsed: 00:00:00
----------------------------------------------------------

End testing: Sep 11 20:34 CEST
