<?xml version="1.0" encoding="UTF-8"?>
<Site BuildName="Linux-x86_64-linux-gnu-g++-11"
	BuildStamp="20220911-1709-Experimental"
	Name="chris-B450M-GAMING"
	Generator="ctest-3.22.1"
	CompilerName="/bin/x86_64-linux-gnu-g++-11"
	CompilerVersion="11.2.0"
	OSName="Linux"
	Hostname="chris-B450M-GAMING"
	OSRelease="5.15.0-47-generic"
	OSVersion="#51-Ubuntu SMP Thu Aug 11 07:51:15 UTC 2022"
	OSPlatform="x86_64"
	Is64Bits="1"
	VendorString="AuthenticAMD"
	VendorID="Advanced Micro Devices"
	FamilyID="23"
	ModelID="8"
	ProcessorCacheSize="512"
	NumberOfLogicalCPU="16"
	NumberOfPhysicalCPU="8"
	TotalVirtualMemory="2047"
	TotalPhysicalMemory="15943"
	LogicalProcessorsPerPhysical="2"
	ProcessorClockFrequency="2565.45"
	>
	<Testing>
		<StartDateTime>Sep 11 20:34 CEST</StartDateTime>
		<StartTestTime>1662921268</StartTestTime>
		<TestList>
			<Test>./tests/BinaryOperators</Test>
		</TestList>
		<Test Status="passed">
			<Name>BinaryOperators</Name>
			<Path>./tests</Path>
			<FullName>./tests/BinaryOperators</FullName>
			<FullCommandLine>/home/chris/Documents/cpp/CTDerivatives/build/tests/binaryop</FullCommandLine>
			<Results>
				<NamedMeasurement type="numeric/double" name="Execution Time">
					<Value>0.00282823</Value>
				</NamedMeasurement>
				<NamedMeasurement type="numeric/double" name="Processors">
					<Value>1</Value>
				</NamedMeasurement>
				<NamedMeasurement type="text/string" name="Completion Status">
					<Value>Completed</Value>
				</NamedMeasurement>
				<NamedMeasurement type="text/string" name="Command Line">
					<Value>/home/chris/Documents/cpp/CTDerivatives/build/tests/binaryop</Value>
				</NamedMeasurement>
				<NamedMeasurement type="text/string" name="Environment">
					<Value>#CTEST_RESOURCE_GROUP_COUNT=</Value>
				</NamedMeasurement>
				<Measurement>
					<Value encoding="base64" compression="gzip">eJyFk7uOwjAQRXt/xZRQJEKIgoYCKbsUiIeIqKIUhnhXlpIx8iP8PoagYByMp4mSM2esuYqLRV8lHAwix3+Yg2ZKK/iTooHp4wWU4faZkiLpq4RVLU607hoYtlwKbBjaZqYTc/GaZ+7UX4NnzQUqUsDhuIVHla/P6bKqLOpqt/YRjCbQqHFIzs0pJFsUkTemDskWReSMtyHZol6O59K1ghaa1mPyxciY5C3VvGVelg4YpunBj1u5PYNEPRgdMEjVg9EBg2Q9GM/WEb6lG/qpNaMyqcQVSeFemvBlAUkxfT/JLrBf5vlPdt/uaabkBvIHB8M=</Value>
				</Measurement>
			</Results>
		</Test>
		<EndDateTime>Sep 11 20:34 CEST</EndDateTime>
		<EndTestTime>1662921268</EndTestTime>
		<ElapsedMinutes>0</ElapsedMinutes>
	</Testing>
</Site>
